<?xml version="1.0" encoding="UTF-8"?>
<testng-results ignored="0" total="0" passed="0" failed="0" skipped="0">
  <reporter-output>
  </reporter-output>
  <suite started-at="2022-02-22T00:33:27 IST" name="Web Application" finished-at="2022-02-22T00:34:43 IST" duration-ms="76763">
    <groups>
    </groups>
    <test started-at="2022-02-22T00:33:27 IST" name="POC_Test1" finished-at="2022-02-22T00:34:43 IST" duration-ms="76763">
      <class name="web.tyss.com.scripts.SampleTest">
        <test-method is-config="true" signature="createFiles()[pri:0, instance:web.tyss.com.scripts.SampleTest@5b1ebf56]" started-at="2022-02-22T00:33:26 IST" name="createFiles" finished-at="2022-02-22T00:33:27 IST" duration-ms="519" status="PASS">
          <reporter-output>
          </reporter-output>
        </test-method> <!-- createFiles -->
        <test-method is-config="true" signature="launchApp(java.lang.String)[pri:0, instance:web.tyss.com.scripts.SampleTest@5b1ebf56]" started-at="2022-02-22T00:33:27 IST" name="launchApp" finished-at="2022-02-22T00:34:39 IST" duration-ms="72039" status="PASS">
          <params>
            <param index="0">
              <value>
                <![CDATA[Chrome]]>
              </value>
            </param>
          </params>
          <reporter-output>
          </reporter-output>
        </test-method> <!-- launchApp -->
        <test-method is-config="true" signature="closeBrowser()[pri:0, instance:web.tyss.com.scripts.SampleTest@5b1ebf56]" started-at="2022-02-22T00:34:41 IST" name="closeBrowser" finished-at="2022-02-22T00:34:43 IST" duration-ms="2026" status="PASS">
          <reporter-output>
          </reporter-output>
        </test-method> <!-- closeBrowser -->
        <test-method is-config="true" signature="killTask(java.lang.String)[pri:0, instance:web.tyss.com.scripts.SampleTest@5b1ebf56]" started-at="2022-02-22T00:34:44 IST" name="killTask" finished-at="2022-02-22T00:34:44 IST" duration-ms="110" status="PASS">
          <params>
            <param index="0">
              <value>
                <![CDATA[Chrome]]>
              </value>
            </param>
          </params>
          <reporter-output>
          </reporter-output>
        </test-method> <!-- killTask -->
      </class> <!-- web.tyss.com.scripts.SampleTest -->
    </test> <!-- POC_Test1 -->
  </suite> <!-- Web Application -->
</testng-results>
